2021-05-24 23:24:46,507 p=1256 u=root n=ansible | ERROR! Syntax Error while loading YAML.
  found unacceptable key (unhashable type: 'AnsibleMapping')

The error appears to be in '/root/ansiblettt/rhce8/ttt11/vsftpd.yml': line 8, column 11, but may
be elsewhere in the file depending on the exact syntax problem.

The offending line appears to be:

  - name: install vsftpd
    yum: {{ package }}
          ^ here
We could be wrong, but this one looks like it might be an issue with
missing quotes. Always quote template expression brackets when they
start a value. For instance:

    with_items:
      - {{ foo }}

Should be written as:

    with_items:
      - "{{ foo }}"

2021-05-24 23:26:05,664 p=1277 u=root n=ansible | [WARNING]: Could not match supplied host pattern, ignoring: ansible2.example.com

2021-05-24 23:26:05,671 p=1277 u=root n=ansible | PLAY [deploy vsftpd] ****************************************************************************************************
2021-05-24 23:26:05,673 p=1277 u=root n=ansible | skipping: no hosts matched
2021-05-24 23:26:05,676 p=1277 u=root n=ansible | PLAY RECAP **************************************************************************************************************
2021-05-24 23:27:12,379 p=1316 u=root n=ansible | PLAY [deploy vsftpd] ****************************************************************************************************
2021-05-24 23:27:12,911 p=1316 u=root n=ansible | TASK [Gathering Facts] **************************************************************************************************
2021-05-24 23:27:28,133 p=1316 u=root n=ansible | [DEPRECATION WARNING]: Distribution Ubuntu 20.04 on host 127.0.0.1 should use /usr/bin/python3, but is using 
/usr/bin/python for backward compatibility with prior Ansible releases. A future Ansible release will default to using 
the discovered platform python for this host. See 
https://docs.ansible.com/ansible/2.9/reference_appendices/interpreter_discovery.html for more information. This feature 
will be removed in version 2.12. Deprecation warnings can be disabled by setting deprecation_warnings=False in 
ansible.cfg.
2021-05-24 23:27:28,136 p=1316 u=root n=ansible | ok: [127.0.0.1]
2021-05-24 23:27:28,192 p=1316 u=root n=ansible | TASK [install vsftpd] ***************************************************************************************************
2021-05-24 23:28:33,076 p=1316 u=root n=ansible |  [ERROR]: User interrupted execution

2021-05-24 23:29:22,727 p=1939 u=root n=ansible | playbook: vsftpd.yml
2021-05-24 23:29:40,572 p=1951 u=root n=ansible | ERROR! 'varis' is not a valid attribute for a Play

The error appears to be in '/root/ansiblettt/rhce8/ttt11/vsftpd.yml': line 2, column 3, but may
be elsewhere in the file depending on the exact syntax problem.

The offending line appears to be:

---
- name: deploy vsftpd
  ^ here

2021-05-24 23:30:15,167 p=1955 u=root n=ansible | playbook: vsftpd.yml
2021-05-24 23:33:21,052 p=1984 u=root n=ansible | PLAY [show how debug works] *********************************************************************************************
2021-05-24 23:33:21,228 p=1984 u=root n=ansible | TASK [Gathering Facts] **************************************************************************************************
2021-05-24 23:33:27,432 p=1984 u=root n=ansible | [DEPRECATION WARNING]: Distribution Ubuntu 20.04 on host 127.0.0.1 should use /usr/bin/python3, but is using 
/usr/bin/python for backward compatibility with prior Ansible releases. A future Ansible release will default to using 
the discovered platform python for this host. See 
https://docs.ansible.com/ansible/2.9/reference_appendices/interpreter_discovery.html for more information. This feature 
will be removed in version 2.12. Deprecation warnings can be disabled by setting deprecation_warnings=False in 
ansible.cfg.
2021-05-24 23:33:27,443 p=1984 u=root n=ansible | ok: [127.0.0.1]
2021-05-24 23:33:27,540 p=1984 u=root n=ansible | TASK [show value of a fact] *********************************************************************************************
2021-05-24 23:33:27,791 p=1984 u=root n=ansible | ok: [127.0.0.1] => {
    "msg": "this system has 918 available ram"
}
2021-05-24 23:33:27,816 p=1984 u=root n=ansible | TASK [FIXME show a custom variable] *************************************************************************************
2021-05-24 23:33:27,910 p=1984 u=root n=ansible | skipping: [127.0.0.1]
2021-05-24 23:33:27,915 p=1984 u=root n=ansible | PLAY RECAP **************************************************************************************************************
2021-05-24 23:33:27,916 p=1984 u=root n=ansible | 127.0.0.1                  : ok=2    changed=0    unreachable=0    failed=0    skipped=1    rescued=0    ignored=0   
2021-05-24 23:33:43,561 p=2102 u=root n=ansible | Using /root/ansiblettt/rhce8/ttt11/ansible.cfg as config file
2021-05-24 23:33:44,790 p=2102 u=root n=ansible | PLAY [show how debug works] *********************************************************************************************
2021-05-24 23:33:44,929 p=2102 u=root n=ansible | TASK [Gathering Facts] **************************************************************************************************
2021-05-24 23:33:52,011 p=2102 u=root n=ansible | [DEPRECATION WARNING]: Distribution Ubuntu 20.04 on host 127.0.0.1 should use /usr/bin/python3, but is using 
/usr/bin/python for backward compatibility with prior Ansible releases. A future Ansible release will default to using 
the discovered platform python for this host. See 
https://docs.ansible.com/ansible/2.9/reference_appendices/interpreter_discovery.html for more information. This feature 
will be removed in version 2.12. Deprecation warnings can be disabled by setting deprecation_warnings=False in 
ansible.cfg.
2021-05-24 23:33:52,013 p=2102 u=root n=ansible | ok: [127.0.0.1]
2021-05-24 23:33:52,050 p=2102 u=root n=ansible | TASK [show value of a fact] *********************************************************************************************
2021-05-24 23:33:52,275 p=2102 u=root n=ansible | ok: [127.0.0.1] => {
    "msg": "this system has 887 available ram"
}
2021-05-24 23:33:52,312 p=2102 u=root n=ansible | TASK [FIXME show a custom variable] *************************************************************************************
2021-05-24 23:33:52,523 p=2102 u=root n=ansible | ok: [127.0.0.1] => {
    "user": "ansibleuser"
}
2021-05-24 23:33:52,530 p=2102 u=root n=ansible | PLAY RECAP **************************************************************************************************************
2021-05-24 23:33:52,532 p=2102 u=root n=ansible | 127.0.0.1                  : ok=3    changed=0    unreachable=0    failed=0    skipped=0    rescued=0    ignored=0   
2021-05-24 23:34:13,600 p=2221 u=root n=ansible | Using /root/ansiblettt/rhce8/ttt11/ansible.cfg as config file
2021-05-24 23:34:14,586 p=2221 u=root n=ansible | PLAY [show how debug works] *********************************************************************************************
2021-05-24 23:34:14,670 p=2221 u=root n=ansible | TASK [Gathering Facts] **************************************************************************************************
2021-05-24 23:34:20,597 p=2221 u=root n=ansible | [DEPRECATION WARNING]: Distribution Ubuntu 20.04 on host 127.0.0.1 should use /usr/bin/python3, but is using 
/usr/bin/python for backward compatibility with prior Ansible releases. A future Ansible release will default to using 
the discovered platform python for this host. See 
https://docs.ansible.com/ansible/2.9/reference_appendices/interpreter_discovery.html for more information. This feature 
will be removed in version 2.12. Deprecation warnings can be disabled by setting deprecation_warnings=False in 
ansible.cfg.
2021-05-24 23:34:20,599 p=2221 u=root n=ansible | ok: [127.0.0.1]
2021-05-24 23:34:20,626 p=2221 u=root n=ansible | TASK [show value of a fact] *********************************************************************************************
2021-05-24 23:34:20,825 p=2221 u=root n=ansible | ok: [127.0.0.1] => {
    "msg": "this system has 906 available ram"
}
2021-05-24 23:34:20,845 p=2221 u=root n=ansible | TASK [FIXME show a custom variable] *************************************************************************************
2021-05-24 23:34:20,940 p=2221 u=root n=ansible | skipping: [127.0.0.1] => {"skipped_reason": "Verbosity threshold not met."}
2021-05-24 23:34:20,946 p=2221 u=root n=ansible | PLAY RECAP **************************************************************************************************************
2021-05-24 23:34:20,948 p=2221 u=root n=ansible | 127.0.0.1                  : ok=2    changed=0    unreachable=0    failed=0    skipped=1    rescued=0    ignored=0   
2021-05-24 23:34:41,323 p=2342 u=root n=ansible | Using /root/ansiblettt/rhce8/ttt11/ansible.cfg as config file
2021-05-24 23:34:42,467 p=2342 u=root n=ansible | PLAY [show how debug works] *********************************************************************************************
2021-05-24 23:34:42,530 p=2342 u=root n=ansible | TASK [Gathering Facts] **************************************************************************************************
2021-05-24 23:34:59,673 p=2342 u=root n=ansible | [DEPRECATION WARNING]: Distribution Ubuntu 20.04 on host 127.0.0.1 should use /usr/bin/python3, but is using 
/usr/bin/python for backward compatibility with prior Ansible releases. A future Ansible release will default to using 
the discovered platform python for this host. See 
https://docs.ansible.com/ansible/2.9/reference_appendices/interpreter_discovery.html for more information. This feature 
will be removed in version 2.12. Deprecation warnings can be disabled by setting deprecation_warnings=False in 
ansible.cfg.
2021-05-24 23:34:59,674 p=2342 u=root n=ansible | ok: [127.0.0.1]
2021-05-24 23:34:59,746 p=2342 u=root n=ansible | TASK [show value of a fact] *********************************************************************************************
2021-05-24 23:34:59,970 p=2342 u=root n=ansible | ok: [127.0.0.1] => {
    "msg": "this system has 887 available ram"
}
2021-05-24 23:34:59,984 p=2342 u=root n=ansible | TASK [FIXME show a custom variable] *************************************************************************************
2021-05-24 23:35:00,086 p=2342 u=root n=ansible | skipping: [127.0.0.1] => {"skipped_reason": "Verbosity threshold not met."}
2021-05-24 23:35:00,107 p=2342 u=root n=ansible | PLAY RECAP **************************************************************************************************************
2021-05-24 23:35:00,110 p=2342 u=root n=ansible | 127.0.0.1                  : ok=2    changed=0    unreachable=0    failed=0    skipped=1    rescued=0    ignored=0   
2021-05-24 23:40:55,046 p=2462 u=root n=ansible | PLAY [deploy vsftpd] ****************************************************************************************************
2021-05-24 23:40:55,189 p=2462 u=root n=ansible | TASK [Gathering Facts] **************************************************************************************************
2021-05-24 23:41:03,590 p=2462 u=root n=ansible | [DEPRECATION WARNING]: Distribution Ubuntu 20.04 on host 127.0.0.1 should use /usr/bin/python3, but is using 
/usr/bin/python for backward compatibility with prior Ansible releases. A future Ansible release will default to using 
the discovered platform python for this host. See 
https://docs.ansible.com/ansible/2.9/reference_appendices/interpreter_discovery.html for more information. This feature 
will be removed in version 2.12. Deprecation warnings can be disabled by setting deprecation_warnings=False in 
ansible.cfg.
2021-05-24 23:41:03,592 p=2462 u=root n=ansible | ok: [127.0.0.1]
2021-05-24 23:41:03,642 p=2462 u=root n=ansible | TASK [install vsftpd] ***************************************************************************************************
2021-05-24 23:41:10,757 p=2462 u=root n=ansible | fatal: [127.0.0.1]: FAILED! => {"ansible_facts": {"pkg_mgr": "apt"}, "changed": false, "msg": "python-apt must be installed to use check mode. If run normally this module can auto-install it."}
2021-05-24 23:41:10,808 p=2462 u=root n=ansible | PLAY RECAP **************************************************************************************************************
2021-05-24 23:41:10,844 p=2462 u=root n=ansible | 127.0.0.1                  : ok=1    changed=0    unreachable=0    failed=1    skipped=0    rescued=0    ignored=0   
2021-05-25 00:02:25,979 p=2628 u=root n=ansible | PLAY [use debug to check package facts] *********************************************************************************
2021-05-25 00:02:26,398 p=2628 u=root n=ansible | TASK [Gathering Facts] **************************************************************************************************
2021-05-25 00:02:38,093 p=2628 u=root n=ansible | [DEPRECATION WARNING]: Distribution Ubuntu 20.04 on host 127.0.0.1 should use /usr/bin/python3, but is using 
/usr/bin/python for backward compatibility with prior Ansible releases. A future Ansible release will default to using 
the discovered platform python for this host. See 
https://docs.ansible.com/ansible/2.9/reference_appendices/interpreter_discovery.html for more information. This feature 
will be removed in version 2.12. Deprecation warnings can be disabled by setting deprecation_warnings=False in 
ansible.cfg.
2021-05-25 00:02:38,094 p=2628 u=root n=ansible | ok: [127.0.0.1]
2021-05-25 00:02:38,104 p=2628 u=root n=ansible | TASK [get information about packages] ***********************************************************************************
2021-05-25 00:02:40,660 p=2628 u=root n=ansible | [WARNING]: Found "apt" but Failed to import the required Python library (apt) on DESKTOP-EDKG5UH's Python
/usr/bin/python. Please read module documentation and install in the appropriate location. If the required library is
installed, but Ansible is using the wrong Python interpreter, please consult the documentation on
ansible_python_interpreter

2021-05-25 00:02:40,663 p=2628 u=root n=ansible | fatal: [127.0.0.1]: FAILED! => {"changed": false, "msg": "Could not detect a supported package manager from the following list: ['portage', 'rpm', 'pkg', 'apt'], or the required Python library is not installed. Check warnings for details."}
2021-05-25 00:02:40,671 p=2628 u=root n=ansible | PLAY RECAP **************************************************************************************************************
2021-05-25 00:02:40,673 p=2628 u=root n=ansible | 127.0.0.1                  : ok=1    changed=0    unreachable=0    failed=1    skipped=0    rescued=0    ignored=0   
2021-05-25 00:04:12,772 p=2808 u=root n=ansible | PLAY [sample of stat and assert] ****************************************************************************************
2021-05-25 00:04:12,877 p=2808 u=root n=ansible | TASK [Gathering Facts] **************************************************************************************************
2021-05-25 00:04:22,914 p=2808 u=root n=ansible | [DEPRECATION WARNING]: Distribution Ubuntu 20.04 on host 127.0.0.1 should use /usr/bin/python3, but is using 
/usr/bin/python for backward compatibility with prior Ansible releases. A future Ansible release will default to using 
the discovered platform python for this host. See 
https://docs.ansible.com/ansible/2.9/reference_appendices/interpreter_discovery.html for more information. This feature 
will be removed in version 2.12. Deprecation warnings can be disabled by setting deprecation_warnings=False in 
ansible.cfg.
2021-05-25 00:04:22,938 p=2808 u=root n=ansible | ok: [127.0.0.1]
2021-05-25 00:04:22,997 p=2808 u=root n=ansible | TASK [stat a directory] *************************************************************************************************
2021-05-25 00:04:25,005 p=2808 u=root n=ansible | ok: [127.0.0.1]
2021-05-25 00:04:25,077 p=2808 u=root n=ansible | TASK [assert that /etc is a directory] **********************************************************************************
2021-05-25 00:04:26,474 p=2808 u=root n=ansible | ok: [127.0.0.1] => {
    "changed": false,
    "msg": "All assertions passed"
}
2021-05-25 00:04:26,492 p=2808 u=root n=ansible | PLAY RECAP **************************************************************************************************************
2021-05-25 00:04:26,494 p=2808 u=root n=ansible | 127.0.0.1                  : ok=3    changed=0    unreachable=0    failed=0    skipped=0    rescued=0    ignored=0   
2021-05-25 00:04:51,533 p=2951 u=root n=ansible | PLAY [sample of stat and assert] ****************************************************************************************
2021-05-25 00:04:51,654 p=2951 u=root n=ansible | TASK [Gathering Facts] **************************************************************************************************
2021-05-25 00:04:59,999 p=2951 u=root n=ansible | [DEPRECATION WARNING]: Distribution Ubuntu 20.04 on host 127.0.0.1 should use /usr/bin/python3, but is using 
/usr/bin/python for backward compatibility with prior Ansible releases. A future Ansible release will default to using 
the discovered platform python for this host. See 
https://docs.ansible.com/ansible/2.9/reference_appendices/interpreter_discovery.html for more information. This feature 
will be removed in version 2.12. Deprecation warnings can be disabled by setting deprecation_warnings=False in 
ansible.cfg.
2021-05-25 00:05:00,005 p=2951 u=root n=ansible | ok: [127.0.0.1]
2021-05-25 00:05:00,073 p=2951 u=root n=ansible | TASK [stat a directory] *************************************************************************************************
2021-05-25 00:05:03,433 p=2951 u=root n=ansible | ok: [127.0.0.1]
2021-05-25 00:05:03,479 p=2951 u=root n=ansible | TASK [assert that /etc is a directory] **********************************************************************************
2021-05-25 00:05:03,806 p=2951 u=root n=ansible | fatal: [127.0.0.1]: FAILED! => {
    "assertion": "sta.stat.isdir",
    "changed": false,
    "evaluated_to": false,
    "msg": "Assertion failed"
}
2021-05-25 00:05:03,819 p=2951 u=root n=ansible | PLAY RECAP **************************************************************************************************************
2021-05-25 00:05:03,821 p=2951 u=root n=ansible | 127.0.0.1                  : ok=2    changed=0    unreachable=0    failed=1    skipped=0    rescued=0    ignored=0   
2021-05-25 00:09:44,959 p=3093 u=root n=ansible | [DEPRECATION WARNING]: Distribution Ubuntu 20.04 on host 127.0.0.1 should use /usr/bin/python3, but is using 
/usr/bin/python for backward compatibility with prior Ansible releases. A future Ansible release will default to using 
the discovered platform python for this host. See 
https://docs.ansible.com/ansible/2.9/reference_appendices/interpreter_discovery.html for more information. This feature 
will be removed in version 2.12. Deprecation warnings can be disabled by setting deprecation_warnings=False in 
ansible.cfg.
2021-05-25 00:09:44,995 p=3093 u=root n=ansible | 127.0.0.1 | SUCCESS => {
    "ansible_facts": {
        "discovered_interpreter_python": "/usr/bin/python"
    },
    "changed": false,
    "ping": "pong"
}
2021-05-25 00:10:00,538 p=3129 u=root n=ansible | [DEPRECATION WARNING]: Distribution Ubuntu 20.04 on host 127.0.0.1 should use /usr/bin/python3, but is using 
/usr/bin/python for backward compatibility with prior Ansible releases. A future Ansible release will default to using 
the discovered platform python for this host. See 
https://docs.ansible.com/ansible/2.9/reference_appendices/interpreter_discovery.html for more information. This feature 
will be removed in version 2.12. Deprecation warnings can be disabled by setting deprecation_warnings=False in 
ansible.cfg.
2021-05-25 00:10:00,546 p=3129 u=root n=ansible | 127.0.0.1 | SUCCESS => {
    "ansible_facts": {
        "discovered_interpreter_python": "/usr/bin/python"
    },
    "changed": false,
    "ping": "pong"
}
2021-05-25 00:10:23,881 p=3165 u=root n=ansible | [DEPRECATION WARNING]: Distribution Ubuntu 20.04 on host 127.0.0.1 should use /usr/bin/python3, but is using 
/usr/bin/python for backward compatibility with prior Ansible releases. A future Ansible release will default to using 
the discovered platform python for this host. See 
https://docs.ansible.com/ansible/2.9/reference_appendices/interpreter_discovery.html for more information. This feature 
will be removed in version 2.12. Deprecation warnings can be disabled by setting deprecation_warnings=False in 
ansible.cfg.
2021-05-25 00:10:23,929 p=3165 u=root n=ansible | 127.0.0.1 | CHANGED | rc=0 >>
Filesystem     1K-blocks      Used Available Use% Mounted on
rootfs         246660092 210857556  35802536  86% /
none           246660092 210857556  35802536  86% /dev
none           246660092 210857556  35802536  86% /run
none           246660092 210857556  35802536  86% /run/lock
none           246660092 210857556  35802536  86% /run/shm
none           246660092 210857556  35802536  86% /run/user
tmpfs          246660092 210857556  35802536  86% /sys/fs/cgroup
C:\            246660092 210857556  35802536  86% /mnt/c

2021-05-25 00:10:35,784 p=3202 u=root n=ansible | [DEPRECATION WARNING]: Distribution Ubuntu 20.04 on host 127.0.0.1 should use /usr/bin/python3, but is using 
/usr/bin/python for backward compatibility with prior Ansible releases. A future Ansible release will default to using 
the discovered platform python for this host. See 
https://docs.ansible.com/ansible/2.9/reference_appendices/interpreter_discovery.html for more information. This feature 
will be removed in version 2.12. Deprecation warnings can be disabled by setting deprecation_warnings=False in 
ansible.cfg.
2021-05-25 00:10:35,813 p=3202 u=root n=ansible | 127.0.0.1 | CHANGED | rc=0 >>
Filesystem      Size  Used Avail Use% Mounted on
rootfs          236G  202G   35G  86% /
none            236G  202G   35G  86% /dev
none            236G  202G   35G  86% /run
none            236G  202G   35G  86% /run/lock
none            236G  202G   35G  86% /run/shm
none            236G  202G   35G  86% /run/user
tmpfs           236G  202G   35G  86% /sys/fs/cgroup
C:\             236G  202G   35G  86% /mnt/c

2021-05-25 00:10:50,948 p=3239 u=root n=ansible | [DEPRECATION WARNING]: Distribution Ubuntu 20.04 on host 127.0.0.1 should use /usr/bin/python3, but is using 
/usr/bin/python for backward compatibility with prior Ansible releases. A future Ansible release will default to using 
the discovered platform python for this host. See 
https://docs.ansible.com/ansible/2.9/reference_appendices/interpreter_discovery.html for more information. This feature 
will be removed in version 2.12. Deprecation warnings can be disabled by setting deprecation_warnings=False in 
ansible.cfg.
2021-05-25 00:10:50,956 p=3239 u=root n=ansible | 127.0.0.1 | CHANGED | rc=0 >>
              total        used        free      shared  buff/cache   available
Mem:           8071        7265         582          17         223         675
Swap:         24576        4026       20549

2021-05-25 00:11:14,046 p=3276 u=root n=ansible | [DEPRECATION WARNING]: Distribution Ubuntu 20.04 on host 127.0.0.1 should use /usr/bin/python3, but is using 
/usr/bin/python for backward compatibility with prior Ansible releases. A future Ansible release will default to using 
the discovered platform python for this host. See 
https://docs.ansible.com/ansible/2.9/reference_appendices/interpreter_discovery.html for more information. This feature 
will be removed in version 2.12. Deprecation warnings can be disabled by setting deprecation_warnings=False in 
ansible.cfg.
2021-05-25 00:11:14,060 p=3276 u=root n=ansible | 127.0.0.1 | FAILED | rc=1 >>
df: '|': No such file or directory
df: grep: No such file or directory
df: rootfs: No such file or directorynon-zero return code

2021-05-25 00:11:39,894 p=3312 u=root n=ansible | [DEPRECATION WARNING]: Distribution Ubuntu 20.04 on host 127.0.0.1 should use /usr/bin/python3, but is using 
/usr/bin/python for backward compatibility with prior Ansible releases. A future Ansible release will default to using 
the discovered platform python for this host. See 
https://docs.ansible.com/ansible/2.9/reference_appendices/interpreter_discovery.html for more information. This feature 
will be removed in version 2.12. Deprecation warnings can be disabled by setting deprecation_warnings=False in 
ansible.cfg.
2021-05-25 00:11:39,901 p=3312 u=root n=ansible | 127.0.0.1 | CHANGED | rc=0 >>
rootfs          236G  202G   35G  86% /

